<?xml version='1.0' encoding='UTF-8'?>
<testsuite hostname="LAPTOP-4717VDNE" name="edu.colorado.plv.fixr.Tester" tests="1" errors="0" failures="0" time="45.958">
                     <properties>
[...]
</properties>
                     <testcase classname="edu.colorado.plv.fixr.Tester" name="Harness for JUnit" time="45.958">
                                                 
                                               </testcase>
                     <system-out></system-out>
                     <system-err></system-err>
                   </testsuite>